Using pre-set license
Built from '2021.3/staging' branch; Version is '2021.3.16f1 (4016570cf34f) revision 4200023'; Using compiler version '192829333'; Build Type 'Release'
OS: 'Windows 11  (10.0.22621) 64bit Core' Language: 'pl' Physical Memory: 16122 MB
BatchMode: 1, IsHumanControllingUs: 0, StartBugReporterOnCrash: 0, Is64bit: 1, IsPro: 1

COMMAND LINE ARGUMENTS:
C:\Program Files\Unity\Hub\Editor\2021.3.16f1\Editor\Unity.exe
-adb2
-batchMode
-noUpm
-name
AssetImportWorker0
-projectPath
C:/Users/janpo/Documents/GitHub/Ostry-Zgon/Fest PP Projekt
-logFile
Logs/AssetImportWorker0.log
-srvPort
59405
Successfully changed project path to: C:/Users/janpo/Documents/GitHub/Ostry-Zgon/Fest PP Projekt
C:/Users/janpo/Documents/GitHub/Ostry-Zgon/Fest PP Projekt
[UnityMemory] Configuration Parameters - Can be set up in boot.config
    "memorysetup-bucket-allocator-granularity=16"
    "memorysetup-bucket-allocator-bucket-count=8"
    "memorysetup-bucket-allocator-block-size=33554432"
    "memorysetup-bucket-allocator-block-count=8"
    "memorysetup-main-allocator-block-size=16777216"
    "memorysetup-thread-allocator-block-size=16777216"
    "memorysetup-gfx-main-allocator-block-size=16777216"
    "memorysetup-gfx-thread-allocator-block-size=16777216"
    "memorysetup-cache-allocator-block-size=4194304"
    "memorysetup-typetree-allocator-block-size=2097152"
    "memorysetup-profiler-bucket-allocator-granularity=16"
    "memorysetup-profiler-bucket-allocator-bucket-count=8"
    "memorysetup-profiler-bucket-allocator-block-size=33554432"
    "memorysetup-profiler-bucket-allocator-block-count=8"
    "memorysetup-profiler-allocator-block-size=16777216"
    "memorysetup-profiler-editor-allocator-block-size=1048576"
    "memorysetup-temp-allocator-size-main=16777216"
    "memorysetup-job-temp-allocator-block-size=2097152"
    "memorysetup-job-temp-allocator-block-size-background=1048576"
    "memorysetup-job-temp-allocator-reduction-small-platforms=262144"
    "memorysetup-temp-allocator-size-background-worker=32768"
    "memorysetup-temp-allocator-size-job-worker=262144"
    "memorysetup-temp-allocator-size-preload-manager=33554432"
    "memorysetup-temp-allocator-size-nav-mesh-worker=65536"
    "memorysetup-temp-allocator-size-audio-worker=65536"
    "memorysetup-temp-allocator-size-cloud-worker=32768"
    "memorysetup-temp-allocator-size-gi-baking-worker=262144"
    "memorysetup-temp-allocator-size-gfx=262144"
Player connection [13296] Host "[IP] 169.254.207.207 [Port] 0 [Flags] 2 [Guid] 1745569785 [EditorId] 1745569785 [Version] 1048832 [Id] WindowsEditor(7,LAPTOP-QECVBCV3) [Debug] 1 [PackageName] WindowsEditor [ProjectName] Editor" joined multi-casting on [225.0.0.222:54997]...

Player connection [13296] Host "[IP] 169.254.207.207 [Port] 0 [Flags] 2 [Guid] 1745569785 [EditorId] 1745569785 [Version] 1048832 [Id] WindowsEditor(7,LAPTOP-QECVBCV3) [Debug] 1 [PackageName] WindowsEditor [ProjectName] Editor" joined alternative multi-casting on [225.0.0.222:34997]...

Refreshing native plugins compatible for Editor in 88.24 ms, found 3 plugins.
Preloading 0 native plugins for Editor in 0.00 ms.
Initialize engine version: 2021.3.16f1 (4016570cf34f)
[Subsystems] Discovering subsystems at path C:/Program Files/Unity/Hub/Editor/2021.3.16f1/Editor/Data/Resources/UnitySubsystems
[Subsystems] Discovering subsystems at path C:/Users/janpo/Documents/GitHub/Ostry-Zgon/Fest PP Projekt/Assets
GfxDevice: creating device client; threaded=0; jobified=0
Direct3D:
    Version:  Direct3D 11.0 [level 11.1]
    Renderer: NVIDIA GeForce RTX 3050 Ti Laptop GPU (ID=0x25a0)
    Vendor:   NVIDIA
    VRAM:     3976 MB
    Driver:   31.0.15.2756
Initialize mono
Mono path[0] = 'C:/Program Files/Unity/Hub/Editor/2021.3.16f1/Editor/Data/Managed'
Mono path[1] = 'C:/Program Files/Unity/Hub/Editor/2021.3.16f1/Editor/Data/MonoBleedingEdge/lib/mono/unityjit-win32'
Mono config path = 'C:/Program Files/Unity/Hub/Editor/2021.3.16f1/Editor/Data/MonoBleedingEdge/etc'
Using monoOptions --debugger-agent=transport=dt_socket,embedding=1,server=y,suspend=n,address=127.0.0.1:56580
Begin MonoManager ReloadAssembly
Registering precompiled unity dll's ...
Register platform support module: C:/Program Files/Unity/Hub/Editor/2021.3.16f1/Editor/Data/PlaybackEngines/WindowsStandaloneSupport/UnityEditor.WindowsStandalone.Extensions.dll
Registered in 0.003215 seconds.
Native extension for WindowsStandalone target not found
Refreshing native plugins compatible for Editor in 72.26 ms, found 3 plugins.
Preloading 0 native plugins for Editor in 0.00 ms.
Mono: successfully reloaded assembly
- Completed reload, in  0.553 seconds
Domain Reload Profiling:
	ReloadAssembly (553ms)
		BeginReloadAssembly (60ms)
			ExecutionOrderSort (0ms)
			DisableScriptedObjects (0ms)
			BackupInstance (0ms)
			ReleaseScriptingObjects (0ms)
			CreateAndSetChildDomain (1ms)
		EndReloadAssembly (398ms)
			LoadAssemblies (58ms)
			RebuildTransferFunctionScriptingTraits (0ms)
			SetupTypeCache (92ms)
			ReleaseScriptCaches (0ms)
			RebuildScriptCaches (25ms)
			SetupLoadedEditorAssemblies (238ms)
				LogAssemblyErrors (0ms)
				InitializePlatformSupportModulesInManaged (6ms)
				SetLoadedEditorAssemblies (0ms)
				RefreshPlugins (72ms)
				BeforeProcessingInitializeOnLoad (1ms)
				ProcessInitializeOnLoadAttributes (115ms)
				ProcessInitializeOnLoadMethodAttributes (43ms)
				AfterProcessingInitializeOnLoad (0ms)
				EditorAssembliesLoaded (0ms)
			ExecutionOrderSort2 (0ms)
			AwakeInstancesAfterBackupRestoration (0ms)
Platform modules already initialized, skipping
Registering precompiled user dll's ...
Registered in 0.004274 seconds.
Begin MonoManager ReloadAssembly
Symbol file LoadedFromMemory doesn't match image C:\Users\janpo\Documents\GitHub\Ostry-Zgon\Fest PP Projekt\Library\PackageCache\com.unity.visualscripting@1.7.8\Editor\VisualScripting.Core\Dependencies\YamlDotNet\Unity.VisualScripting.YamlDotNet.dll
Symbol file LoadedFromMemory doesn't match image C:\Users\janpo\Documents\GitHub\Ostry-Zgon\Fest PP Projekt\Library\PackageCache\com.unity.visualscripting@1.7.8\Editor\VisualScripting.Core\Dependencies\DotNetZip\Unity.VisualScripting.IonicZip.dll
Native extension for WindowsStandalone target not found
Refreshing native plugins compatible for Editor in 0.58 ms, found 3 plugins.
Preloading 0 native plugins for Editor in 0.00 ms.
Mono: successfully reloaded assembly
- Completed reload, in  0.940 seconds
Domain Reload Profiling:
	ReloadAssembly (940ms)
		BeginReloadAssembly (94ms)
			ExecutionOrderSort (0ms)
			DisableScriptedObjects (6ms)
			BackupInstance (0ms)
			ReleaseScriptingObjects (0ms)
			CreateAndSetChildDomain (19ms)
		EndReloadAssembly (744ms)
			LoadAssemblies (72ms)
			RebuildTransferFunctionScriptingTraits (0ms)
			SetupTypeCache (273ms)
			ReleaseScriptCaches (1ms)
			RebuildScriptCaches (45ms)
			SetupLoadedEditorAssemblies (318ms)
				LogAssemblyErrors (0ms)
				InitializePlatformSupportModulesInManaged (4ms)
				SetLoadedEditorAssemblies (0ms)
				RefreshPlugins (1ms)
				BeforeProcessingInitializeOnLoad (72ms)
				ProcessInitializeOnLoadAttributes (216ms)
				ProcessInitializeOnLoadMethodAttributes (20ms)
				AfterProcessingInitializeOnLoad (5ms)
				EditorAssembliesLoaded (0ms)
			ExecutionOrderSort2 (0ms)
			AwakeInstancesAfterBackupRestoration (5ms)
Platform modules already initialized, skipping
========================================================================
Worker process is ready to serve import requests
Launched and connected shader compiler UnityShaderCompiler.exe after 0.06 seconds
Refreshing native plugins compatible for Editor in 0.60 ms, found 3 plugins.
Preloading 0 native plugins for Editor in 0.00 ms.
Unloading 3394 Unused Serialized files (Serialized files now loaded: 0)
Unloading 29 unused Assets / (113.8 KB). Loaded Objects now: 3856.
Memory consumption went from 119.3 MB to 119.1 MB.
Total: 2.937900 ms (FindLiveObjects: 0.263900 ms CreateObjectMapping: 0.084000 ms MarkObjects: 2.429900 ms  DeleteObjects: 0.158600 ms)

AssetImportParameters requested are different than current active one (requested -> active):
  custom:video-decoder-ogg-theora: a1e56fd34408186e4bbccfd4996cb3dc -> 
  custom:container-muxer-webm: aa71ff27fc2769a1b78a27578f13a17b -> 
  custom:container-demuxer-webm: 4f35f7cbe854078d1ac9338744f61a02 -> 
  custom:video-encoder-webm-vp8: eb34c28f22e8b96e1ab97ce403110664 -> 
  custom:video-codec-MediaFoundation-h265: 746d11721c4dcdbdad8f713fa42b33f4 -> 
  custom:audio-encoder-webm-vorbis: bf7c407c2cedff20999df2af8eb42d56 -> 
  custom:framework-win-MediaFoundation: 216162199b28c13a410421893ffa2e32 -> 
  custom:container-demuxer-ogg: 62fdf1f143b41e24485cea50d1cbac27 -> 
  custom:video-decoder-webm-vp8: 9c59270c3fd7afecdb556c50c9e8de78 -> 
  custom:audio-decoder-ogg-vorbis: bf7c407c2cedff20999df2af8eb42d56 -> 
========================================================================
Received Import Request.
  Time since last request: 38418.982882 seconds.
  path: Assets/lokata_info.png
  artifactKey: Guid(308d4efcd0bcd744ca1eb0735c82494c) Importer(815301076,1909f56bfc062723c751e8b465ee728b)
Start importing Assets/lokata_info.png using Guid(308d4efcd0bcd744ca1eb0735c82494c) Importer(815301076,1909f56bfc062723c751e8b465ee728b)  -> (artifact id: '48b8f8ebbe75a7f6737a08a83085eef2') in 0.061707 seconds 
========================================================================
Received Import Request.
  Time since last request: 0.000034 seconds.
  path: Assets/Kij.mat
  artifactKey: Guid(51e299bda133b4a4eb9e17450a1a66db) Importer(815301076,1909f56bfc062723c751e8b465ee728b)
Start importing Assets/Kij.mat using Guid(51e299bda133b4a4eb9e17450a1a66db) Importer(815301076,1909f56bfc062723c751e8b465ee728b)  -> (artifact id: '5522c7b829e9ad7b495744f73cd26785') in 0.070954 seconds 
========================================================================
Received Import Request.
  Time since last request: 0.000029 seconds.
  path: Assets/Ciemny.mat
  artifactKey: Guid(a91a5bc883ef9c348b3fc3572b5cdcd8) Importer(815301076,1909f56bfc062723c751e8b465ee728b)
Start importing Assets/Ciemny.mat using Guid(a91a5bc883ef9c348b3fc3572b5cdcd8) Importer(815301076,1909f56bfc062723c751e8b465ee728b)  -> (artifact id: '86d800726319d7e6e608edd9d8d4097f') in 0.014645 seconds 
========================================================================
Received Import Request.
  Time since last request: 0.000027 seconds.
  path: Assets/logowanie.png
  artifactKey: Guid(944f6b0fc9e909b45b7f021f449b02de) Importer(815301076,1909f56bfc062723c751e8b465ee728b)
Start importing Assets/logowanie.png using Guid(944f6b0fc9e909b45b7f021f449b02de) Importer(815301076,1909f56bfc062723c751e8b465ee728b)  -> (artifact id: '2bc060933670bdded4f3950035fecf71') in 0.014741 seconds 
========================================================================
Received Import Request.
  Time since last request: 0.000027 seconds.
  path: Assets/KodBG_1.mat
  artifactKey: Guid(d443bc4c7adb19f45a2ab178d4a4b155) Importer(815301076,1909f56bfc062723c751e8b465ee728b)
Start importing Assets/KodBG_1.mat using Guid(d443bc4c7adb19f45a2ab178d4a4b155) Importer(815301076,1909f56bfc062723c751e8b465ee728b)  -> (artifact id: '226152bf0e1db8fd8b2412d121a38abe') in 0.013209 seconds 
========================================================================
Received Import Request.
  Time since last request: 0.000034 seconds.
  path: Assets/Czerwony.mat
  artifactKey: Guid(246ee21eb587b8546b2188480aeb2a86) Importer(815301076,1909f56bfc062723c751e8b465ee728b)
Start importing Assets/Czerwony.mat using Guid(246ee21eb587b8546b2188480aeb2a86) Importer(815301076,1909f56bfc062723c751e8b465ee728b)  -> (artifact id: 'fc546922eb624b58c9f66fb215030def') in 0.016765 seconds 
========================================================================
Received Import Request.
  Time since last request: 598.732730 seconds.
  path: Assets/Models
  artifactKey: Guid(35ae3a8e75903154a9ceb2c38d05d250) Importer(815301076,1909f56bfc062723c751e8b465ee728b)
Start importing Assets/Models using Guid(35ae3a8e75903154a9ceb2c38d05d250) Importer(815301076,1909f56bfc062723c751e8b465ee728b)  -> (artifact id: 'fb7f6938c4fa5710388dd02ffb6b82cc') in 0.006371 seconds 
========================================================================
Received Import Request.
  Time since last request: 0.053394 seconds.
  path: Assets/Models/biurko.fbx
  artifactKey: Guid(c41565ec689d3d543874f8d131cd9291) Importer(815301076,1909f56bfc062723c751e8b465ee728b)
Start importing Assets/Models/biurko.fbx using Guid(c41565ec689d3d543874f8d131cd9291) Importer(815301076,1909f56bfc062723c751e8b465ee728b)  -> (artifact id: 'cae70b11bb95ecb74cefc9746cd92466') in 0.072176 seconds 
========================================================================
Received Import Request.
  Time since last request: 0.000024 seconds.
  path: Assets/Models/otwartaksiazka.fbx
  artifactKey: Guid(19572fabdd06e784f8b51ea532e87784) Importer(815301076,1909f56bfc062723c751e8b465ee728b)
Start importing Assets/Models/otwartaksiazka.fbx using Guid(19572fabdd06e784f8b51ea532e87784) Importer(815301076,1909f56bfc062723c751e8b465ee728b)  -> (artifact id: 'daf875be49e94e163a3ae77e92cd7ce3') in 0.028226 seconds 
========================================================================
Received Import Request.
  Time since last request: 0.000027 seconds.
  path: Assets/Models/zegar.fbx
  artifactKey: Guid(abfdb1aa46a90e74b9a9d333ed506fa9) Importer(815301076,1909f56bfc062723c751e8b465ee728b)
Start importing Assets/Models/zegar.fbx using Guid(abfdb1aa46a90e74b9a9d333ed506fa9) Importer(815301076,1909f56bfc062723c751e8b465ee728b)  -> (artifact id: '5f3cd19cd5c10b12966ebac126359ac5') in 0.024296 seconds 
========================================================================
Received Import Request.
  Time since last request: 0.000024 seconds.
  path: Assets/Models/lambka_1.fbx
  artifactKey: Guid(ce4c0d9be90bae147aab9afcbbaa02dd) Importer(815301076,1909f56bfc062723c751e8b465ee728b)
Start importing Assets/Models/lambka_1.fbx using Guid(ce4c0d9be90bae147aab9afcbbaa02dd) Importer(815301076,1909f56bfc062723c751e8b465ee728b)  -> (artifact id: '8510e95a29d7a2761711bc17ba2035fc') in 0.030546 seconds 
========================================================================
Received Import Request.
  Time since last request: 0.000025 seconds.
  path: Assets/Models/ksiazkazielona.fbx
  artifactKey: Guid(7d8eb0ee9f6bbcf43a90e31a68db7371) Importer(815301076,1909f56bfc062723c751e8b465ee728b)
Start importing Assets/Models/ksiazkazielona.fbx using Guid(7d8eb0ee9f6bbcf43a90e31a68db7371) Importer(815301076,1909f56bfc062723c751e8b465ee728b)  -> (artifact id: '26c46717f821bd63d09a8eb7bb7fa1d7') in 0.022485 seconds 
========================================================================
Received Import Request.
  Time since last request: 0.000024 seconds.
  path: Assets/Models/segregator.fbx
  artifactKey: Guid(ce2b5cc3b0a0ce74982a8cd4d4a0a463) Importer(815301076,1909f56bfc062723c751e8b465ee728b)
Start importing Assets/Models/segregator.fbx using Guid(ce2b5cc3b0a0ce74982a8cd4d4a0a463) Importer(815301076,1909f56bfc062723c751e8b465ee728b)  -> (artifact id: '7ae6b54dfaa72042f41edf29411e1204') in 0.049914 seconds 
========================================================================
Received Import Request.
  Time since last request: 0.000031 seconds.
  path: Assets/Models/flatron.fbx
  artifactKey: Guid(70235d04bef939847959b4da69fc9d40) Importer(815301076,1909f56bfc062723c751e8b465ee728b)
Start importing Assets/Models/flatron.fbx using Guid(70235d04bef939847959b4da69fc9d40) Importer(815301076,1909f56bfc062723c751e8b465ee728b)  -> (artifact id: 'b546a547ea851b56feaa82f2d6078cdc') in 0.037947 seconds 
========================================================================
Received Import Request.
  Time since last request: 0.000051 seconds.
  path: Assets/Models/monitor2.fbx
  artifactKey: Guid(e14dcd1add222e44eb32e13d62973305) Importer(815301076,1909f56bfc062723c751e8b465ee728b)
Start importing Assets/Models/monitor2.fbx using Guid(e14dcd1add222e44eb32e13d62973305) Importer(815301076,1909f56bfc062723c751e8b465ee728b)  -> (artifact id: '8a8e5f6983d123086e9b8e69b129dd86') in 0.027376 seconds 
========================================================================
Received Import Request.
  Time since last request: 0.000049 seconds.
  path: Assets/Models/ksiazkaczerwona.fbx
  artifactKey: Guid(73f60826603436d4bacaf552e867d628) Importer(815301076,1909f56bfc062723c751e8b465ee728b)
Start importing Assets/Models/ksiazkaczerwona.fbx using Guid(73f60826603436d4bacaf552e867d628) Importer(815301076,1909f56bfc062723c751e8b465ee728b)  -> (artifact id: '6840f9807896cf7c9751d3ff8799d65f') in 0.023729 seconds 
========================================================================
Received Import Request.
  Time since last request: 0.000039 seconds.
  path: Assets/Models/drukara.fbx
  artifactKey: Guid(fdd8abbca99ba544f82fbf6994587376) Importer(815301076,1909f56bfc062723c751e8b465ee728b)
Start importing Assets/Models/drukara.fbx using Guid(fdd8abbca99ba544f82fbf6994587376) Importer(815301076,1909f56bfc062723c751e8b465ee728b)  -> (artifact id: '494f5c92857a3a3728e656d8a59b10bc') in 0.067650 seconds 
========================================================================
Received Import Request.
  Time since last request: 0.000023 seconds.
  path: Assets/Models/eldzismarttv.fbx
  artifactKey: Guid(50b900b8d423790449a643584a08c12d) Importer(815301076,1909f56bfc062723c751e8b465ee728b)
Start importing Assets/Models/eldzismarttv.fbx using Guid(50b900b8d423790449a643584a08c12d) Importer(815301076,1909f56bfc062723c751e8b465ee728b)  -> (artifact id: 'b9e5a33bee391df59acad57cee1c94e8') in 0.022488 seconds 
========================================================================
Received Import Request.
  Time since last request: 0.000024 seconds.
  path: Assets/Models/kalendarz.fbx
  artifactKey: Guid(f1010699b26c1a349a8f4a2adb642af8) Importer(815301076,1909f56bfc062723c751e8b465ee728b)
Start importing Assets/Models/kalendarz.fbx using Guid(f1010699b26c1a349a8f4a2adb642af8) Importer(815301076,1909f56bfc062723c751e8b465ee728b)  -> (artifact id: 'c18fa99d609d65ea05336bb39b4701b4') in 0.022891 seconds 
========================================================================
Received Import Request.
  Time since last request: 0.000030 seconds.
  path: Assets/Models/regal.fbx
  artifactKey: Guid(45b1fc0e38ec7e54c83ab6571e5d2f3f) Importer(815301076,1909f56bfc062723c751e8b465ee728b)
Start importing Assets/Models/regal.fbx using Guid(45b1fc0e38ec7e54c83ab6571e5d2f3f) Importer(815301076,1909f56bfc062723c751e8b465ee728b)  -> (artifact id: '303d23d9759d362e1756320be549b091') in 0.020751 seconds 
========================================================================
Received Import Request.
  Time since last request: 0.000026 seconds.
  path: Assets/Models/papiezkubek.fbx
  artifactKey: Guid(f7d373e72dce81f4fa3892fbf9edb851) Importer(815301076,1909f56bfc062723c751e8b465ee728b)
Start importing Assets/Models/papiezkubek.fbx using Guid(f7d373e72dce81f4fa3892fbf9edb851) Importer(815301076,1909f56bfc062723c751e8b465ee728b)  -> (artifact id: '74c22936be125063c1c05695674ba6e4') in 0.039375 seconds 
========================================================================
Received Import Request.
  Time since last request: 0.000036 seconds.
  path: Assets/Models/kakutr.fbx
  artifactKey: Guid(e64d4ea81e3a11844a31ff6d7c354e2a) Importer(815301076,1909f56bfc062723c751e8b465ee728b)
Start importing Assets/Models/kakutr.fbx using Guid(e64d4ea81e3a11844a31ff6d7c354e2a) Importer(815301076,1909f56bfc062723c751e8b465ee728b)  -> (artifact id: 'e31a2d7efa3825e7acad5cc09dd1a910') in 0.028836 seconds 
========================================================================
Received Import Request.
  Time since last request: 0.000029 seconds.
  path: Assets/Models/fotel.fbx
  artifactKey: Guid(f75e5e715e285c745b65a21118cc0a1c) Importer(815301076,1909f56bfc062723c751e8b465ee728b)
Start importing Assets/Models/fotel.fbx using Guid(f75e5e715e285c745b65a21118cc0a1c) Importer(815301076,1909f56bfc062723c751e8b465ee728b)  -> (artifact id: 'f7f5955f7cf32d706668cb26ed412437') in 0.020976 seconds 
========================================================================
Received Import Request.
  Time since last request: 0.000017 seconds.
  path: Assets/Models/kanapa.fbx
  artifactKey: Guid(17684c0a2fc0557439d3b53d980749ec) Importer(815301076,1909f56bfc062723c751e8b465ee728b)
Start importing Assets/Models/kanapa.fbx using Guid(17684c0a2fc0557439d3b53d980749ec) Importer(815301076,1909f56bfc062723c751e8b465ee728b)  -> (artifact id: 'd9aa53e9e7240a3b8c82ce42d85626ca') in 0.048233 seconds 
========================================================================
Received Import Request.
  Time since last request: 0.000033 seconds.
  path: Assets/Models/szafkadrzwi_L.fbx
  artifactKey: Guid(1a6524d533692d5439474f1b8fb7c1f9) Importer(815301076,1909f56bfc062723c751e8b465ee728b)
Start importing Assets/Models/szafkadrzwi_L.fbx using Guid(1a6524d533692d5439474f1b8fb7c1f9) Importer(815301076,1909f56bfc062723c751e8b465ee728b)  -> (artifact id: 'b41f61b8a896c4fd2dff3717ae7a54fa') in 0.025693 seconds 
========================================================================
Received Import Request.
  Time since last request: 0.000029 seconds.
  path: Assets/Models/krzeslo.fbx
  artifactKey: Guid(a5dd614c80ec33049a6a84b657eda782) Importer(815301076,1909f56bfc062723c751e8b465ee728b)
Start importing Assets/Models/krzeslo.fbx using Guid(a5dd614c80ec33049a6a84b657eda782) Importer(815301076,1909f56bfc062723c751e8b465ee728b)  -> (artifact id: 'f8d1bf507b2ca8070872c256fc3f8203') in 0.019292 seconds 
========================================================================
Received Import Request.
  Time since last request: 0.000033 seconds.
  path: Assets/Models/ramka.fbx
  artifactKey: Guid(a77d7dc4232505f42816aa8cd4aedb81) Importer(815301076,1909f56bfc062723c751e8b465ee728b)
Start importing Assets/Models/ramka.fbx using Guid(a77d7dc4232505f42816aa8cd4aedb81) Importer(815301076,1909f56bfc062723c751e8b465ee728b)  -> (artifact id: '013353e90328e77322cfb9922732ce88') in 0.018294 seconds 
========================================================================
Received Import Request.
  Time since last request: 2.161007 seconds.
  path: Assets/Models/Materials
  artifactKey: Guid(55da2ca5f563f1c419bf2fdd707b1930) Importer(815301076,1909f56bfc062723c751e8b465ee728b)
Start importing Assets/Models/Materials using Guid(55da2ca5f563f1c419bf2fdd707b1930) Importer(815301076,1909f56bfc062723c751e8b465ee728b)  -> (artifact id: 'dc395443ce92cc2b9f8a6b9e8fb7bb55') in 0.005287 seconds 
========================================================================
Received Import Request.
  Time since last request: 0.051560 seconds.
  path: Assets/Models/Materials/jaszczomb.mat
  artifactKey: Guid(c828408e23475174c961f7cb6f3dce86) Importer(815301076,1909f56bfc062723c751e8b465ee728b)
Start importing Assets/Models/Materials/jaszczomb.mat using Guid(c828408e23475174c961f7cb6f3dce86) Importer(815301076,1909f56bfc062723c751e8b465ee728b)  -> (artifact id: '84f0a13a4302d78f810b904fbababec8') in 0.010059 seconds 
========================================================================
Received Import Request.
  Time since last request: 223.986299 seconds.
  path: Assets/Models/prezesi/kart
  artifactKey: Guid(f25946c5a28125549ad9f2bd845cc0c0) Importer(815301076,1909f56bfc062723c751e8b465ee728b)
Start importing Assets/Models/prezesi/kart using Guid(f25946c5a28125549ad9f2bd845cc0c0) Importer(815301076,1909f56bfc062723c751e8b465ee728b)  -> (artifact id: '34a8c6a4e27671aea220f139f73a645f') in 0.005863 seconds 
========================================================================
Received Import Request.
  Time since last request: 174.600273 seconds.
  path: Assets/Models/prezesi/kart/tab1.png
  artifactKey: Guid(7313784eba01c374e9358d63a82ad182) Importer(815301076,1909f56bfc062723c751e8b465ee728b)
Start importing Assets/Models/prezesi/kart/tab1.png using Guid(7313784eba01c374e9358d63a82ad182) Importer(815301076,1909f56bfc062723c751e8b465ee728b)  -> (artifact id: 'f9d5e276a92b295ecac447564cc143d3') in 0.011516 seconds 
========================================================================
Received Import Request.
  Time since last request: 0.000039 seconds.
  path: Assets/Models/prezesi/kart/tab5.png
  artifactKey: Guid(8b621baa44c86e642b5da9ab4b191937) Importer(815301076,1909f56bfc062723c751e8b465ee728b)
Start importing Assets/Models/prezesi/kart/tab5.png using Guid(8b621baa44c86e642b5da9ab4b191937) Importer(815301076,1909f56bfc062723c751e8b465ee728b)  -> (artifact id: 'bc7bf096a5e818e879841788e7225bb8') in 0.013141 seconds 
========================================================================
Received Import Request.
  Time since last request: 0.000060 seconds.
  path: Assets/Models/prezesi/kart/tab7.png
  artifactKey: Guid(92a8bd1227b428d4db01c422346d274e) Importer(815301076,1909f56bfc062723c751e8b465ee728b)
Start importing Assets/Models/prezesi/kart/tab7.png using Guid(92a8bd1227b428d4db01c422346d274e) Importer(815301076,1909f56bfc062723c751e8b465ee728b)  -> (artifact id: 'bfe8a5691e16e9ada3294a911433b293') in 0.012972 seconds 
========================================================================
Received Import Request.
  Time since last request: 0.000035 seconds.
  path: Assets/Models/prezesi/kart/tab4.png
  artifactKey: Guid(ff8f512d4e8c5644a92faf36a966ef18) Importer(815301076,1909f56bfc062723c751e8b465ee728b)
Start importing Assets/Models/prezesi/kart/tab4.png using Guid(ff8f512d4e8c5644a92faf36a966ef18) Importer(815301076,1909f56bfc062723c751e8b465ee728b)  -> (artifact id: '0ab915cdefd53b7b70f1c2ca0af4bb3a') in 0.011903 seconds 
