Using pre-set license
Built from '2021.3/staging' branch; Version is '2021.3.16f1 (4016570cf34f) revision 4200023'; Using compiler version '192829333'; Build Type 'Release'
OS: 'Windows 11  (10.0.22621) 64bit Core' Language: 'pl' Physical Memory: 16122 MB
BatchMode: 1, IsHumanControllingUs: 0, StartBugReporterOnCrash: 0, Is64bit: 1, IsPro: 1

COMMAND LINE ARGUMENTS:
C:\Program Files\Unity\Hub\Editor\2021.3.16f1\Editor\Unity.exe
-adb2
-batchMode
-noUpm
-name
AssetImportWorker1
-projectPath
C:/Users/janpo/Documents/GitHub/Ostry-Zgon/Fest PP Projekt
-logFile
Logs/AssetImportWorker1.log
-srvPort
59405
Successfully changed project path to: C:/Users/janpo/Documents/GitHub/Ostry-Zgon/Fest PP Projekt
C:/Users/janpo/Documents/GitHub/Ostry-Zgon/Fest PP Projekt
[UnityMemory] Configuration Parameters - Can be set up in boot.config
    "memorysetup-bucket-allocator-granularity=16"
    "memorysetup-bucket-allocator-bucket-count=8"
    "memorysetup-bucket-allocator-block-size=33554432"
    "memorysetup-bucket-allocator-block-count=8"
    "memorysetup-main-allocator-block-size=16777216"
    "memorysetup-thread-allocator-block-size=16777216"
    "memorysetup-gfx-main-allocator-block-size=16777216"
    "memorysetup-gfx-thread-allocator-block-size=16777216"
    "memorysetup-cache-allocator-block-size=4194304"
    "memorysetup-typetree-allocator-block-size=2097152"
    "memorysetup-profiler-bucket-allocator-granularity=16"
    "memorysetup-profiler-bucket-allocator-bucket-count=8"
    "memorysetup-profiler-bucket-allocator-block-size=33554432"
    "memorysetup-profiler-bucket-allocator-block-count=8"
    "memorysetup-profiler-allocator-block-size=16777216"
    "memorysetup-profiler-editor-allocator-block-size=1048576"
    "memorysetup-temp-allocator-size-main=16777216"
    "memorysetup-job-temp-allocator-block-size=2097152"
    "memorysetup-job-temp-allocator-block-size-background=1048576"
    "memorysetup-job-temp-allocator-reduction-small-platforms=262144"
    "memorysetup-temp-allocator-size-background-worker=32768"
    "memorysetup-temp-allocator-size-job-worker=262144"
    "memorysetup-temp-allocator-size-preload-manager=33554432"
    "memorysetup-temp-allocator-size-nav-mesh-worker=65536"
    "memorysetup-temp-allocator-size-audio-worker=65536"
    "memorysetup-temp-allocator-size-cloud-worker=32768"
    "memorysetup-temp-allocator-size-gi-baking-worker=262144"
    "memorysetup-temp-allocator-size-gfx=262144"
Player connection [15516] Host "[IP] 169.254.207.207 [Port] 0 [Flags] 2 [Guid] 1347211953 [EditorId] 1347211953 [Version] 1048832 [Id] WindowsEditor(7,LAPTOP-QECVBCV3) [Debug] 1 [PackageName] WindowsEditor [ProjectName] Editor" joined multi-casting on [225.0.0.222:54997]...

Player connection [15516] Host "[IP] 169.254.207.207 [Port] 0 [Flags] 2 [Guid] 1347211953 [EditorId] 1347211953 [Version] 1048832 [Id] WindowsEditor(7,LAPTOP-QECVBCV3) [Debug] 1 [PackageName] WindowsEditor [ProjectName] Editor" joined alternative multi-casting on [225.0.0.222:34997]...

Refreshing native plugins compatible for Editor in 88.25 ms, found 3 plugins.
Preloading 0 native plugins for Editor in 0.00 ms.
Initialize engine version: 2021.3.16f1 (4016570cf34f)
[Subsystems] Discovering subsystems at path C:/Program Files/Unity/Hub/Editor/2021.3.16f1/Editor/Data/Resources/UnitySubsystems
[Subsystems] Discovering subsystems at path C:/Users/janpo/Documents/GitHub/Ostry-Zgon/Fest PP Projekt/Assets
GfxDevice: creating device client; threaded=0; jobified=0
Direct3D:
    Version:  Direct3D 11.0 [level 11.1]
    Renderer: NVIDIA GeForce RTX 3050 Ti Laptop GPU (ID=0x25a0)
    Vendor:   NVIDIA
    VRAM:     3976 MB
    Driver:   31.0.15.2756
Initialize mono
Mono path[0] = 'C:/Program Files/Unity/Hub/Editor/2021.3.16f1/Editor/Data/Managed'
Mono path[1] = 'C:/Program Files/Unity/Hub/Editor/2021.3.16f1/Editor/Data/MonoBleedingEdge/lib/mono/unityjit-win32'
Mono config path = 'C:/Program Files/Unity/Hub/Editor/2021.3.16f1/Editor/Data/MonoBleedingEdge/etc'
Using monoOptions --debugger-agent=transport=dt_socket,embedding=1,server=y,suspend=n,address=127.0.0.1:56036
Begin MonoManager ReloadAssembly
Registering precompiled unity dll's ...
Register platform support module: C:/Program Files/Unity/Hub/Editor/2021.3.16f1/Editor/Data/PlaybackEngines/WindowsStandaloneSupport/UnityEditor.WindowsStandalone.Extensions.dll
Registered in 0.003118 seconds.
Native extension for WindowsStandalone target not found
Refreshing native plugins compatible for Editor in 71.10 ms, found 3 plugins.
Preloading 0 native plugins for Editor in 0.00 ms.
Mono: successfully reloaded assembly
- Completed reload, in  0.546 seconds
Domain Reload Profiling:
	ReloadAssembly (546ms)
		BeginReloadAssembly (58ms)
			ExecutionOrderSort (0ms)
			DisableScriptedObjects (0ms)
			BackupInstance (0ms)
			ReleaseScriptingObjects (0ms)
			CreateAndSetChildDomain (1ms)
		EndReloadAssembly (395ms)
			LoadAssemblies (56ms)
			RebuildTransferFunctionScriptingTraits (0ms)
			SetupTypeCache (91ms)
			ReleaseScriptCaches (0ms)
			RebuildScriptCaches (24ms)
			SetupLoadedEditorAssemblies (238ms)
				LogAssemblyErrors (0ms)
				InitializePlatformSupportModulesInManaged (6ms)
				SetLoadedEditorAssemblies (0ms)
				RefreshPlugins (71ms)
				BeforeProcessingInitializeOnLoad (1ms)
				ProcessInitializeOnLoadAttributes (120ms)
				ProcessInitializeOnLoadMethodAttributes (39ms)
				AfterProcessingInitializeOnLoad (0ms)
				EditorAssembliesLoaded (0ms)
			ExecutionOrderSort2 (0ms)
			AwakeInstancesAfterBackupRestoration (0ms)
Platform modules already initialized, skipping
Registering precompiled user dll's ...
Registered in 0.004502 seconds.
Begin MonoManager ReloadAssembly
Symbol file LoadedFromMemory doesn't match image C:\Users\janpo\Documents\GitHub\Ostry-Zgon\Fest PP Projekt\Library\PackageCache\com.unity.visualscripting@1.7.8\Editor\VisualScripting.Core\Dependencies\YamlDotNet\Unity.VisualScripting.YamlDotNet.dll
Symbol file LoadedFromMemory doesn't match image C:\Users\janpo\Documents\GitHub\Ostry-Zgon\Fest PP Projekt\Library\PackageCache\com.unity.visualscripting@1.7.8\Editor\VisualScripting.Core\Dependencies\DotNetZip\Unity.VisualScripting.IonicZip.dll
Native extension for WindowsStandalone target not found
Refreshing native plugins compatible for Editor in 0.58 ms, found 3 plugins.
Preloading 0 native plugins for Editor in 0.00 ms.
Mono: successfully reloaded assembly
- Completed reload, in  0.941 seconds
Domain Reload Profiling:
	ReloadAssembly (941ms)
		BeginReloadAssembly (94ms)
			ExecutionOrderSort (0ms)
			DisableScriptedObjects (6ms)
			BackupInstance (0ms)
			ReleaseScriptingObjects (0ms)
			CreateAndSetChildDomain (20ms)
		EndReloadAssembly (747ms)
			LoadAssemblies (69ms)
			RebuildTransferFunctionScriptingTraits (0ms)
			SetupTypeCache (283ms)
			ReleaseScriptCaches (1ms)
			RebuildScriptCaches (46ms)
			SetupLoadedEditorAssemblies (313ms)
				LogAssemblyErrors (0ms)
				InitializePlatformSupportModulesInManaged (4ms)
				SetLoadedEditorAssemblies (0ms)
				RefreshPlugins (1ms)
				BeforeProcessingInitializeOnLoad (71ms)
				ProcessInitializeOnLoadAttributes (212ms)
				ProcessInitializeOnLoadMethodAttributes (20ms)
				AfterProcessingInitializeOnLoad (5ms)
				EditorAssembliesLoaded (0ms)
			ExecutionOrderSort2 (0ms)
			AwakeInstancesAfterBackupRestoration (5ms)
Platform modules already initialized, skipping
========================================================================
Worker process is ready to serve import requests
Launched and connected shader compiler UnityShaderCompiler.exe after 0.05 seconds
Refreshing native plugins compatible for Editor in 0.58 ms, found 3 plugins.
Preloading 0 native plugins for Editor in 0.00 ms.
Unloading 3394 Unused Serialized files (Serialized files now loaded: 0)
Unloading 29 unused Assets / (113.8 KB). Loaded Objects now: 3856.
Memory consumption went from 119.3 MB to 119.1 MB.
Total: 3.061900 ms (FindLiveObjects: 0.269400 ms CreateObjectMapping: 0.131100 ms MarkObjects: 2.557300 ms  DeleteObjects: 0.103300 ms)

AssetImportParameters requested are different than current active one (requested -> active):
  custom:video-decoder-ogg-theora: a1e56fd34408186e4bbccfd4996cb3dc -> 
  custom:container-muxer-webm: aa71ff27fc2769a1b78a27578f13a17b -> 
  custom:container-demuxer-webm: 4f35f7cbe854078d1ac9338744f61a02 -> 
  custom:video-encoder-webm-vp8: eb34c28f22e8b96e1ab97ce403110664 -> 
  custom:video-codec-MediaFoundation-h265: 746d11721c4dcdbdad8f713fa42b33f4 -> 
  custom:audio-encoder-webm-vorbis: bf7c407c2cedff20999df2af8eb42d56 -> 
  custom:framework-win-MediaFoundation: 216162199b28c13a410421893ffa2e32 -> 
  custom:container-demuxer-ogg: 62fdf1f143b41e24485cea50d1cbac27 -> 
  custom:video-decoder-webm-vp8: 9c59270c3fd7afecdb556c50c9e8de78 -> 
  custom:audio-decoder-ogg-vorbis: bf7c407c2cedff20999df2af8eb42d56 -> 
========================================================================
Received Import Request.
  Time since last request: 38418.984309 seconds.
  path: Assets/Czarny.mat
  artifactKey: Guid(524332b3194a493428f738948cf86be7) Importer(815301076,1909f56bfc062723c751e8b465ee728b)
Start importing Assets/Czarny.mat using Guid(524332b3194a493428f738948cf86be7) Importer(815301076,1909f56bfc062723c751e8b465ee728b)  -> (artifact id: 'b13816285faa3114f0359ac675ba51a9') in 0.114595 seconds 
========================================================================
Received Import Request.
  Time since last request: 0.000028 seconds.
  path: Assets/NBP.png
  artifactKey: Guid(8988b27f36efd414aadb967eed57a9da) Importer(815301076,1909f56bfc062723c751e8b465ee728b)
Start importing Assets/NBP.png using Guid(8988b27f36efd414aadb967eed57a9da) Importer(815301076,1909f56bfc062723c751e8b465ee728b)  -> (artifact id: '26e772eea15a68e5e47c2d75e8b3b5a2') in 0.025313 seconds 
========================================================================
Received Import Request.
  Time since last request: 0.000038 seconds.
  path: Assets/Zielony.mat
  artifactKey: Guid(e674338a496c9bf4bb18a7d4b5864e49) Importer(815301076,1909f56bfc062723c751e8b465ee728b)
Start importing Assets/Zielony.mat using Guid(e674338a496c9bf4bb18a7d4b5864e49) Importer(815301076,1909f56bfc062723c751e8b465ee728b)  -> (artifact id: '42cfcc03bddcb41838582cd06048196c') in 0.012081 seconds 
========================================================================
Received Import Request.
  Time since last request: 0.000030 seconds.
  path: Assets/Ziemia.mat
  artifactKey: Guid(897232f19c3eb2e4981618e5d1488ea7) Importer(815301076,1909f56bfc062723c751e8b465ee728b)
Start importing Assets/Ziemia.mat using Guid(897232f19c3eb2e4981618e5d1488ea7) Importer(815301076,1909f56bfc062723c751e8b465ee728b)  -> (artifact id: '6a9356791f8ae783072243fc271fb2bd') in 0.014314 seconds 
========================================================================
Received Import Request.
  Time since last request: 0.000026 seconds.
  path: Assets/Gracz.mat
  artifactKey: Guid(53d08a365397cb749b5b740c0aaa78a8) Importer(815301076,1909f56bfc062723c751e8b465ee728b)
Start importing Assets/Gracz.mat using Guid(53d08a365397cb749b5b740c0aaa78a8) Importer(815301076,1909f56bfc062723c751e8b465ee728b)  -> (artifact id: '762a0c8519c1e8a44073010f9b0e9bf4') in 0.015036 seconds 
========================================================================
Received Import Request.
  Time since last request: 0.000048 seconds.
  path: Assets/kod_piwnica_1.png
  artifactKey: Guid(4972ad013f6215144949c64fec8bfa3e) Importer(815301076,1909f56bfc062723c751e8b465ee728b)
Start importing Assets/kod_piwnica_1.png using Guid(4972ad013f6215144949c64fec8bfa3e) Importer(815301076,1909f56bfc062723c751e8b465ee728b)  -> (artifact id: '8c17d7c238f890cb475c459e52d3e775') in 0.014632 seconds 
========================================================================
Received Import Request.
  Time since last request: 598.792032 seconds.
  path: Assets/Models/crt.fbx
  artifactKey: Guid(56dd5b5de7b1e3349b87fbe0ada40a63) Importer(815301076,1909f56bfc062723c751e8b465ee728b)
Start importing Assets/Models/crt.fbx using Guid(56dd5b5de7b1e3349b87fbe0ada40a63) Importer(815301076,1909f56bfc062723c751e8b465ee728b)  -> (artifact id: '81cd511abaaf7e21599d2d8e7b3dc7fa') in 0.066127 seconds 
========================================================================
Received Import Request.
  Time since last request: 0.000026 seconds.
  path: Assets/Models/klawiatura.fbx
  artifactKey: Guid(4b874788f58c2a04c9fefe6a81a32d28) Importer(815301076,1909f56bfc062723c751e8b465ee728b)
Start importing Assets/Models/klawiatura.fbx using Guid(4b874788f58c2a04c9fefe6a81a32d28) Importer(815301076,1909f56bfc062723c751e8b465ee728b)  -> (artifact id: 'a43be6b3e1af4352ea99aaf988a48bbc') in 0.029130 seconds 
========================================================================
Received Import Request.
  Time since last request: 0.000023 seconds.
  path: Assets/Models/szafka_1.fbx
  artifactKey: Guid(10fd69b9d99721f4599284014d5a3830) Importer(815301076,1909f56bfc062723c751e8b465ee728b)
Start importing Assets/Models/szafka_1.fbx using Guid(10fd69b9d99721f4599284014d5a3830) Importer(815301076,1909f56bfc062723c751e8b465ee728b)  -> (artifact id: '98814055cc9e3186b10f4d14a14cbd20') in 0.024224 seconds 
========================================================================
Received Import Request.
  Time since last request: 0.000038 seconds.
  path: Assets/Models/telefunken.fbx
  artifactKey: Guid(0b4848cc2cfe5814ab7d463377b507cf) Importer(815301076,1909f56bfc062723c751e8b465ee728b)
Start importing Assets/Models/telefunken.fbx using Guid(0b4848cc2cfe5814ab7d463377b507cf) Importer(815301076,1909f56bfc062723c751e8b465ee728b)  -> (artifact id: '701b03d42cab0eb4932e1544857b2320') in 0.026831 seconds 
========================================================================
Received Import Request.
  Time since last request: 0.000026 seconds.
  path: Assets/Models/ksiazkaniebieska.fbx
  artifactKey: Guid(5bf879c776d5b5b418bdae331f1a1d0d) Importer(815301076,1909f56bfc062723c751e8b465ee728b)
Start importing Assets/Models/ksiazkaniebieska.fbx using Guid(5bf879c776d5b5b418bdae331f1a1d0d) Importer(815301076,1909f56bfc062723c751e8b465ee728b)  -> (artifact id: '9529d351cb9dbb837453c65e925eaa8a') in 0.022141 seconds 
========================================================================
Received Import Request.
  Time since last request: 0.000028 seconds.
  path: Assets/Models/sztaba.fbx
  artifactKey: Guid(cdb9e01ef6409464da41fe1d40b397c7) Importer(815301076,1909f56bfc062723c751e8b465ee728b)
Start importing Assets/Models/sztaba.fbx using Guid(cdb9e01ef6409464da41fe1d40b397c7) Importer(815301076,1909f56bfc062723c751e8b465ee728b)  -> (artifact id: '2509533d10efec59c297670d847f6b5a') in 0.022826 seconds 
========================================================================
Received Import Request.
  Time since last request: 0.000030 seconds.
  path: Assets/Models/jaszczomb.jpg
  artifactKey: Guid(a4e7afffe0762804e96f8ba19e6341a2) Importer(815301076,1909f56bfc062723c751e8b465ee728b)
Start importing Assets/Models/jaszczomb.jpg using Guid(a4e7afffe0762804e96f8ba19e6341a2) Importer(815301076,1909f56bfc062723c751e8b465ee728b)  -> (artifact id: '9d90e9567b460b63e368d952c04fddb4') in 0.012733 seconds 
========================================================================
Received Import Request.
  Time since last request: 0.000042 seconds.
  path: Assets/Models/pultusk.fbx
  artifactKey: Guid(1fd23e8e526b55c498a5022190de745a) Importer(815301076,1909f56bfc062723c751e8b465ee728b)
Start importing Assets/Models/pultusk.fbx using Guid(1fd23e8e526b55c498a5022190de745a) Importer(815301076,1909f56bfc062723c751e8b465ee728b)  -> (artifact id: '37e3e86f2d4cac7d2bd64f49fe39849e') in 0.025247 seconds 
========================================================================
Received Import Request.
  Time since last request: 0.000027 seconds.
  path: Assets/Models/stul.fbx
  artifactKey: Guid(a5431c5fdddb6744ab177c41a46d528b) Importer(815301076,1909f56bfc062723c751e8b465ee728b)
Start importing Assets/Models/stul.fbx using Guid(a5431c5fdddb6744ab177c41a46d528b) Importer(815301076,1909f56bfc062723c751e8b465ee728b)  -> (artifact id: 'aadef8225f8c44bb44bb8fc563d38084') in 0.019261 seconds 
========================================================================
Received Import Request.
  Time since last request: 0.000043 seconds.
  path: Assets/Models/tablica.fbx
  artifactKey: Guid(7da0cb9692129cb42bd54e050bfb15d9) Importer(815301076,1909f56bfc062723c751e8b465ee728b)
Start importing Assets/Models/tablica.fbx using Guid(7da0cb9692129cb42bd54e050bfb15d9) Importer(815301076,1909f56bfc062723c751e8b465ee728b)  -> (artifact id: 'a780709042a5f73d4fc5c61c7eb4329c') in 0.023018 seconds 
========================================================================
Received Import Request.
  Time since last request: 0.000025 seconds.
  path: Assets/Models/szafkadrzwi_R.fbx
  artifactKey: Guid(290971ab5aa6422468fcd44b9f840b2b) Importer(815301076,1909f56bfc062723c751e8b465ee728b)
Start importing Assets/Models/szafkadrzwi_R.fbx using Guid(290971ab5aa6422468fcd44b9f840b2b) Importer(815301076,1909f56bfc062723c751e8b465ee728b)  -> (artifact id: '3a3675ef17c4e97f463fff551584ea22') in 0.022900 seconds 
========================================================================
Received Import Request.
  Time since last request: 0.000026 seconds.
  path: Assets/Models/jaszczomb.fbx
  artifactKey: Guid(9bc6ebad533faf44d8dccf316546e844) Importer(815301076,1909f56bfc062723c751e8b465ee728b)
Start importing Assets/Models/jaszczomb.fbx using Guid(9bc6ebad533faf44d8dccf316546e844) Importer(815301076,1909f56bfc062723c751e8b465ee728b)  -> (artifact id: '9a38f644fdb5b7b49a6977ee1d4fdb84') in 0.032460 seconds 
========================================================================
Received Import Request.
  Time since last request: 0.000025 seconds.
  path: Assets/Models/dlugopis.fbx
  artifactKey: Guid(411817614a9e74547a24e5c279679b40) Importer(815301076,1909f56bfc062723c751e8b465ee728b)
Start importing Assets/Models/dlugopis.fbx using Guid(411817614a9e74547a24e5c279679b40) Importer(815301076,1909f56bfc062723c751e8b465ee728b)  -> (artifact id: '92ba3fea35cd452cb73188c83eaba745') in 0.024707 seconds 
========================================================================
Received Import Request.
  Time since last request: 0.000021 seconds.
  path: Assets/Models/ksiazkazolta.fbx
  artifactKey: Guid(f7ca53e2bbd742244a8ac327af418bb1) Importer(815301076,1909f56bfc062723c751e8b465ee728b)
Start importing Assets/Models/ksiazkazolta.fbx using Guid(f7ca53e2bbd742244a8ac327af418bb1) Importer(815301076,1909f56bfc062723c751e8b465ee728b)  -> (artifact id: '419a79270274c12d29969b056d07af67') in 0.023588 seconds 
========================================================================
Received Import Request.
  Time since last request: 0.000027 seconds.
  path: Assets/Models/drzi.fbx
  artifactKey: Guid(8d29512a67868784ab57d0f732203e18) Importer(815301076,1909f56bfc062723c751e8b465ee728b)
Start importing Assets/Models/drzi.fbx using Guid(8d29512a67868784ab57d0f732203e18) Importer(815301076,1909f56bfc062723c751e8b465ee728b)  -> (artifact id: '8d763e3225e8c07dec4fba82e701f9e4') in 0.028679 seconds 
========================================================================
Received Import Request.
  Time since last request: 0.000025 seconds.
  path: Assets/Models/poa.fbx
  artifactKey: Guid(ee8b3e5ffac9e0642bdd38c92be76578) Importer(815301076,1909f56bfc062723c751e8b465ee728b)
Start importing Assets/Models/poa.fbx using Guid(ee8b3e5ffac9e0642bdd38c92be76578) Importer(815301076,1909f56bfc062723c751e8b465ee728b)  -> (artifact id: '7fadb5c5f368cd174e9b64f86e6fcab0') in 0.024018 seconds 
========================================================================
Received Import Request.
  Time since last request: 0.000041 seconds.
  path: Assets/Models/kosz.fbx
  artifactKey: Guid(4242598accaefd7439e94af58fc190e6) Importer(815301076,1909f56bfc062723c751e8b465ee728b)
Start importing Assets/Models/kosz.fbx using Guid(4242598accaefd7439e94af58fc190e6) Importer(815301076,1909f56bfc062723c751e8b465ee728b)  -> (artifact id: '2b6ce1a60c8ff1ff9952fd61f51936e3') in 0.022198 seconds 
========================================================================
Received Import Request.
  Time since last request: 0.000031 seconds.
  path: Assets/Models/papiezowagotuwa.fbx
  artifactKey: Guid(89caf1d1c2730b14ab1dd4d619a0137d) Importer(815301076,1909f56bfc062723c751e8b465ee728b)
Start importing Assets/Models/papiezowagotuwa.fbx using Guid(89caf1d1c2730b14ab1dd4d619a0137d) Importer(815301076,1909f56bfc062723c751e8b465ee728b)  -> (artifact id: 'b714f8d08d4bb3bf4e3324dfe8950d40') in 0.041066 seconds 
========================================================================
Received Import Request.
  Time since last request: 0.000022 seconds.
  path: Assets/Models/myszka.fbx
  artifactKey: Guid(da47c8c090642c24da9f95a728ba63c2) Importer(815301076,1909f56bfc062723c751e8b465ee728b)
Start importing Assets/Models/myszka.fbx using Guid(da47c8c090642c24da9f95a728ba63c2) Importer(815301076,1909f56bfc062723c751e8b465ee728b)  -> (artifact id: '13b486adcadeca2e740baa21d77e01ca') in 0.034044 seconds 
========================================================================
Received Import Request.
  Time since last request: 0.000020 seconds.
  path: Assets/Models/ryza.fbx
  artifactKey: Guid(e3b4325122cc79144aa8385e62e5b058) Importer(815301076,1909f56bfc062723c751e8b465ee728b)
Start importing Assets/Models/ryza.fbx using Guid(e3b4325122cc79144aa8385e62e5b058) Importer(815301076,1909f56bfc062723c751e8b465ee728b)  -> (artifact id: 'fce04597f75d73afaeb26aff47d742bd') in 0.024705 seconds 
========================================================================
Received Import Request.
  Time since last request: 0.000021 seconds.
  path: Assets/Models/lampa_stojoca.fbx
  artifactKey: Guid(13be22caa53006147a1a13c4b05e5f40) Importer(815301076,1909f56bfc062723c751e8b465ee728b)
Start importing Assets/Models/lampa_stojoca.fbx using Guid(13be22caa53006147a1a13c4b05e5f40) Importer(815301076,1909f56bfc062723c751e8b465ee728b)  -> (artifact id: '9694c9c03d64ba2e70f7a761cab3c61f') in 0.025489 seconds 
========================================================================
Received Import Request.
  Time since last request: 0.000029 seconds.
  path: Assets/Models/mapatakniesamowitajakwiadomoco.fbx
  artifactKey: Guid(839441a903905b248842174670f1afb5) Importer(815301076,1909f56bfc062723c751e8b465ee728b)
Start importing Assets/Models/mapatakniesamowitajakwiadomoco.fbx using Guid(839441a903905b248842174670f1afb5) Importer(815301076,1909f56bfc062723c751e8b465ee728b)  -> (artifact id: '2e8d40080a7123cfa7a2de2195a5e102') in 0.105522 seconds 
========================================================================
Received Import Request.
  Time since last request: 400.799348 seconds.
  path: Assets/Models/prezesi/kart/tab2.png
  artifactKey: Guid(2fb0d7edb1428b6488825b0828353fb8) Importer(815301076,1909f56bfc062723c751e8b465ee728b)
Start importing Assets/Models/prezesi/kart/tab2.png using Guid(2fb0d7edb1428b6488825b0828353fb8) Importer(815301076,1909f56bfc062723c751e8b465ee728b)  -> (artifact id: '55e06eda5d1e12e6ea9fc2b76cfb4590') in 0.012873 seconds 
========================================================================
Received Import Request.
  Time since last request: 0.000040 seconds.
  path: Assets/Models/prezesi/kart/tab8.png
  artifactKey: Guid(7fb60879bc9908e41a60603cbd9e169c) Importer(815301076,1909f56bfc062723c751e8b465ee728b)
Start importing Assets/Models/prezesi/kart/tab8.png using Guid(7fb60879bc9908e41a60603cbd9e169c) Importer(815301076,1909f56bfc062723c751e8b465ee728b)  -> (artifact id: '0635d0caedc89a5969f45d38a5cc688a') in 0.011768 seconds 
========================================================================
Received Import Request.
  Time since last request: 0.000045 seconds.
  path: Assets/Models/prezesi/kart/tab6.png
  artifactKey: Guid(27a4157161bb59042bc49612c58206eb) Importer(815301076,1909f56bfc062723c751e8b465ee728b)
Start importing Assets/Models/prezesi/kart/tab6.png using Guid(27a4157161bb59042bc49612c58206eb) Importer(815301076,1909f56bfc062723c751e8b465ee728b)  -> (artifact id: 'd6905aec1bfe82bcd85b670328d83174') in 0.011459 seconds 
========================================================================
Received Import Request.
  Time since last request: 0.000037 seconds.
  path: Assets/Models/prezesi/kart/tab3.png
  artifactKey: Guid(02f42f514d0447e48bab655509392c40) Importer(815301076,1909f56bfc062723c751e8b465ee728b)
Start importing Assets/Models/prezesi/kart/tab3.png using Guid(02f42f514d0447e48bab655509392c40) Importer(815301076,1909f56bfc062723c751e8b465ee728b)  -> (artifact id: '226e5c7153dd4b349cbf521fcd8085fa') in 0.012550 seconds 
